d:\копия флэшки\4 семестр\инструментальные средства разработки программного обеспечения пугин е.в\l55\cmakeproject1\build\cmakeproject1.dir\debug\vc141.pdb
d:\копия флэшки\4 семестр\инструментальные средства разработки программного обеспечения пугин е.в\l55\cmakeproject1\build\cmakeproject1.dir\debug\cmakeproject1.obj
e:\students\pks-216\l55\cmakeproject1\build\cmakeproject1.dir\debug\vc141.pdb
e:\students\pks-216\l55\cmakeproject1\build\cmakeproject1.dir\debug\cmakeproject1.obj
d:\копия флэшки\4 семестр\инструментальные средства разработки программного обеспечения пугин е.в\l55\cmakeproject1\build\cmakefiles\generate.stamp
e:\students\pks-216\l55\cmakeproject1\build\cmakefiles\generate.stamp
d:\копия флэшки\4 семестр\инструментальные средства разработки программного обеспечения пугин е.в\l55\cmakeproject1\build\debug\cmakeproject1.ilk
d:\копия флэшки\4 семестр\инструментальные средства разработки программного обеспечения пугин е.в\l55\cmakeproject1\build\debug\cmakeproject1.exe
d:\копия флэшки\4 семестр\инструментальные средства разработки программного обеспечения пугин е.в\l55\cmakeproject1\build\debug\cmakeproject1.pdb
e:\students\pks-216\l55\cmakeproject1\build\debug\cmakeproject1.exe
e:\students\pks-216\l55\cmakeproject1\build\debug\cmakeproject1.ilk
e:\students\pks-216\l55\cmakeproject1\build\debug\cmakeproject1.pdb
e:\students\pks-216\l55\cmakeproject1\build\cmakeproject1.dir\debug\cmakeproject1.tlog\cl.command.1.tlog
e:\students\pks-216\l55\cmakeproject1\build\cmakeproject1.dir\debug\cmakeproject1.tlog\cl.read.1.tlog
e:\students\pks-216\l55\cmakeproject1\build\cmakeproject1.dir\debug\cmakeproject1.tlog\cl.write.1.tlog
e:\students\pks-216\l55\cmakeproject1\build\cmakeproject1.dir\debug\cmakeproject1.tlog\custombuild.command.1.tlog
e:\students\pks-216\l55\cmakeproject1\build\cmakeproject1.dir\debug\cmakeproject1.tlog\custombuild.read.1.tlog
e:\students\pks-216\l55\cmakeproject1\build\cmakeproject1.dir\debug\cmakeproject1.tlog\custombuild.write.1.tlog
e:\students\pks-216\l55\cmakeproject1\build\cmakeproject1.dir\debug\cmakeproject1.tlog\link.command.1.tlog
e:\students\pks-216\l55\cmakeproject1\build\cmakeproject1.dir\debug\cmakeproject1.tlog\link.read.1.tlog
e:\students\pks-216\l55\cmakeproject1\build\cmakeproject1.dir\debug\cmakeproject1.tlog\link.write.1.tlog
